[1;31m> [1;3;39mMaking all for tweak FilzaMatrixTheme…[m
[0;31m==> [1;39mPreprocessing Tweak.xm…[m
[0;32m==> [1;39mCompiling Tweak.xm (armv7)…[m
[0;33m==> [1;39mLinking tweak FilzaMatrixTheme (armv7)…[m
[0;34m==> [1;39mGenerating debug symbols for FilzaMatrixTheme…[m
[0;31m==> [1;39mPreprocessing Tweak.xm…[m
[0;32m==> [1;39mCompiling Tweak.xm (arm64)…[m
[0;33m==> [1;39mLinking tweak FilzaMatrixTheme (arm64)…[m
[0;34m==> [1;39mGenerating debug symbols for FilzaMatrixTheme…[m
[0;31m==> [1;39mPreprocessing Tweak.xm…[m
[0;32m==> [1;39mCompiling Tweak.xm (arm64e)…[m
[0;33m==> [1;39mLinking tweak FilzaMatrixTheme (arm64e)…[m
[0;34m==> [1;39mGenerating debug symbols for FilzaMatrixTheme…[m
[0;34m==> [1;39mMerging tweak FilzaMatrixTheme…[m
[0;34m==> [1;39mSigning FilzaMatrixTheme…[m
[1;31m> [1;3;39mMaking all in filzamtprefs…[m
[1;31m> [1;3;39mMaking all for bundle FilzaTMPrefs…[m
[0;35m==> [1;39mCopying resource directories into the bundle wrapper…[m
[0;33m==> [1;33mWarning:[m No files to link - creating a bundle containing only resources
[1;31m> [1;3;39mMaking stage for tweak FilzaMatrixTheme…[m
